# JRE version: Java(TM) SE Runtime Environment (8.0_131-b11) (build 1.8.0_131-b11)
# Java VM: Java HotSpot(TM) 64-Bit Server VM (25.131-b11 mixed mode linux-amd64 compressed oops)
Heap:
 PSYoungGen      total 328192K, used 62559K [0x00000000eab00000, 0x0000000100000000, 0x0000000100000000)
  eden space 310272K, 14% used [0x00000000eab00000,0x00000000ed7ea348,0x00000000fda00000)
  from space 17920K, 92% used [0x00000000fee80000,0x00000000ffead9f8,0x0000000100000000)
  to   space 19456K, 0% used [0x00000000fda00000,0x00000000fda00000,0x00000000fed00000)
 ParOldGen       total 239616K, used 27754K [0x00000000c0000000, 0x00000000cea00000, 0x00000000eab00000)
  object space 239616K, 11% used [0x00000000c0000000,0x00000000c1b1a9c8,0x00000000cea00000)
 Metaspace       used 86113K, capacity 87476K, committed 87704K, reserved 1126400K
  class space    used 11352K, capacity 11638K, committed 11688K, reserved 1048576K
GC Heap History (10 events):
Event: 7.547 GC heap before
{Heap before GC invocations=19 (full 3):
 PSYoungGen      total 320512K, used 315347K [0x00000000eab00000, 0x00000000fff80000, 0x0000000100000000)
  eden space 304128K, 100% used [0x00000000eab00000,0x00000000fd400000,0x00000000fd400000)
  from space 16384K, 68% used [0x00000000fd400000,0x00000000fdef4e60,0x00000000fe400000)
  to   space 16384K, 0% used [0x00000000fef80000,0x00000000fef80000,0x00000000fff80000)
 ParOldGen       total 239616K, used 27711K [0x00000000c0000000, 0x00000000cea00000, 0x00000000eab00000)
  object space 239616K, 11% used [0x00000000c0000000,0x00000000c1b0fe00,0x00000000cea00000)
 Metaspace       used 84651K, capacity 85930K, committed 86040K, reserved 1124352K
  class space    used 11229K, capacity 11466K, committed 11560K, reserved 1048576K
Event: 7.559 GC heap after
Heap after GC invocations=19 (full 3):
 PSYoungGen      total 332288K, used 12436K [0x00000000eab00000, 0x0000000100000000, 0x0000000100000000)
  eden space 315904K, 0% used [0x00000000eab00000,0x00000000eab00000,0x00000000fdf80000)
  from space 16384K, 75% used [0x00000000fef80000,0x00000000ffba5288,0x00000000fff80000)
  to   space 16384K, 0% used [0x00000000fdf80000,0x00000000fdf80000,0x00000000fef80000)
 ParOldGen       total 239616K, used 27719K [0x00000000c0000000, 0x00000000cea00000, 0x00000000eab00000)
  object space 239616K, 11% used [0x00000000c0000000,0x00000000c1b11e00,0x00000000cea00000)
 Metaspace       used 84651K, capacity 85930K, committed 86040K, reserved 1124352K
  class space    used 11229K, capacity 11466K, committed 11560K, reserved 1048576K
}
Event: 7.847 GC heap before
{Heap before GC invocations=20 (full 3):
 PSYoungGen      total 332288K, used 328340K [0x00000000eab00000, 0x0000000100000000, 0x0000000100000000)
  eden space 315904K, 100% used [0x00000000eab00000,0x00000000fdf80000,0x00000000fdf80000)
  from space 16384K, 75% used [0x00000000fef80000,0x00000000ffba5288,0x00000000fff80000)
  to   space 16384K, 0% used [0x00000000fdf80000,0x00000000fdf80000,0x00000000fef80000)
 ParOldGen       total 239616K, used 27722K [0x00000000c0000000, 0x00000000cea00000, 0x00000000eab00000)
  object space 239616K, 11% used [0x00000000c0000000,0x00000000c1b129c8,0x00000000cea00000)
 Metaspace       used 84806K, capacity 86112K, committed 86296K, reserved 1124352K
  class space    used 11234K, capacity 11475K, committed 11560K, reserved 1048576K
Event: 7.855 GC heap after
Heap after GC invocations=20 (full 3):
 PSYoungGen      total 332288K, used 13007K [0x00000000eab00000, 0x0000000100000000, 0x0000000100000000)
  eden space 315904K, 0% used [0x00000000eab00000,0x00000000eab00000,0x00000000fdf80000)
  from space 16384K, 79% used [0x00000000fdf80000,0x00000000fec33e78,0x00000000fef80000)
  to   space 16896K, 0% used [0x00000000fef80000,0x00000000fef80000,0x0000000100000000)
 ParOldGen       total 239616K, used 27730K [0x00000000c0000000, 0x00000000cea00000, 0x00000000eab00000)
  object space 239616K, 11% used [0x00000000c0000000,0x00000000c1b149c8,0x00000000cea00000)
 Metaspace       used 84806K, capacity 86112K, committed 86296K, reserved 1124352K
  class space    used 11234K, capacity 11475K, committed 11560K, reserved 1048576K
}
Event: 8.147 GC heap before
{Heap before GC invocations=21 (full 3):
 PSYoungGen      total 332288K, used 328911K [0x00000000eab00000, 0x0000000100000000, 0x0000000100000000)
  eden space 315904K, 100% used [0x00000000eab00000,0x00000000fdf80000,0x00000000fdf80000)
  from space 16384K, 79% used [0x00000000fdf80000,0x00000000fec33e78,0x00000000fef80000)
  to   space 16896K, 0% used [0x00000000fef80000,0x00000000fef80000,0x0000000100000000)
 ParOldGen       total 239616K, used 27730K [0x00000000c0000000, 0x00000000cea00000, 0x00000000eab00000)
  object space 239616K, 11% used [0x00000000c0000000,0x00000000c1b149c8,0x00000000cea00000)
 Metaspace       used 84960K, capacity 86230K, committed 86552K, reserved 1124352K
  class space    used 11240K, capacity 11484K, committed 11560K, reserved 1048576K
Event: 8.153 GC heap after
Heap after GC invocations=21 (full 3):
 PSYoungGen      total 332288K, used 13352K [0x00000000eab00000, 0x0000000100000000, 0x0000000100000000)
  eden space 315392K, 0% used [0x00000000eab00000,0x00000000eab00000,0x00000000fdf00000)
  from space 16896K, 79% used [0x00000000fef80000,0x00000000ffc8a188,0x0000000100000000)
  to   space 16896K, 0% used [0x00000000fdf00000,0x00000000fdf00000,0x00000000fef80000)
 ParOldGen       total 239616K, used 27738K [0x00000000c0000000, 0x00000000cea00000, 0x00000000eab00000)
  object space 239616K, 11% used [0x00000000c0000000,0x00000000c1b169c8,0x00000000cea00000)
 Metaspace       used 84960K, capacity 86230K, committed 86552K, reserved 1124352K
  class space    used 11240K, capacity 11484K, committed 11560K, reserved 1048576K
}
Event: 8.446 GC heap before
{Heap before GC invocations=22 (full 3):
 PSYoungGen      total 332288K, used 328744K [0x00000000eab00000, 0x0000000100000000, 0x0000000100000000)
  eden space 315392K, 100% used [0x00000000eab00000,0x00000000fdf00000,0x00000000fdf00000)
  from space 16896K, 79% used [0x00000000fef80000,0x00000000ffc8a188,0x0000000100000000)
  to   space 16896K, 0% used [0x00000000fdf00000,0x00000000fdf00000,0x00000000fef80000)
 ParOldGen       total 239616K, used 27738K [0x00000000c0000000, 0x00000000cea00000, 0x00000000eab00000)
  object space 239616K, 11% used [0x00000000c0000000,0x00000000c1b169c8,0x00000000cea00000)
 Metaspace       used 85049K, capacity 86354K, committed 86552K, reserved 1124352K
  class space    used 11245K, capacity 11494K, committed 11560K, reserved 1048576K
Event: 8.453 GC heap after
Heap after GC invocations=22 (full 3):
 PSYoungGen      total 331264K, used 15480K [0x00000000eab00000, 0x0000000100000000, 0x0000000100000000)
  eden space 315392K, 0% used [0x00000000eab00000,0x00000000eab00000,0x00000000fdf00000)
  from space 15872K, 97% used [0x00000000fdf00000,0x00000000fee1e2a8,0x00000000fee80000)
  to   space 17920K, 0% used [0x00000000fee80000,0x00000000fee80000,0x0000000100000000)
 ParOldGen       total 239616K, used 27746K [0x00000000c0000000, 0x00000000cea00000, 0x00000000eab00000)
  object space 239616K, 11% used [0x00000000c0000000,0x00000000c1b189c8,0x00000000cea00000)
 Metaspace       used 85049K, capacity 86354K, committed 86552K, reserved 1124352K
  class space    used 11245K, capacity 11494K, committed 11560K, reserved 1048576K
}
Event: 9.094 GC heap before
{Heap before GC invocations=23 (full 3):
 PSYoungGen      total 331264K, used 330872K [0x00000000eab00000, 0x0000000100000000, 0x0000000100000000)
  eden space 315392K, 100% used [0x00000000eab00000,0x00000000fdf00000,0x00000000fdf00000)
  from space 15872K, 97% used [0x00000000fdf00000,0x00000000fee1e2a8,0x00000000fee80000)
  to   space 17920K, 0% used [0x00000000fee80000,0x00000000fee80000,0x0000000100000000)
 ParOldGen       total 239616K, used 27746K [0x00000000c0000000, 0x00000000cea00000, 0x00000000eab00000)
  object space 239616K, 11% used [0x00000000c0000000,0x00000000c1b189c8,0x00000000cea00000)
 Metaspace       used 85977K, capacity 87380K, committed 87704K, reserved 1126400K
  class space    used 11323K, capacity 11606K, committed 11688K, reserved 1048576K
Event: 9.103 GC heap after
Heap after GC invocations=23 (full 3):
 PSYoungGen      total 328192K, used 16566K [0x00000000eab00000, 0x0000000100000000, 0x0000000100000000)
  eden space 310272K, 0% used [0x00000000eab00000,0x00000000eab00000,0x00000000fda00000)
  from space 17920K, 92% used [0x00000000fee80000,0x00000000ffead9f8,0x0000000100000000)
  to   space 19456K, 0% used [0x00000000fda00000,0x00000000fda00000,0x00000000fed00000)
 ParOldGen       total 239616K, used 27754K [0x00000000c0000000, 0x00000000cea00000, 0x00000000eab00000)
  object space 239616K, 11% used [0x00000000c0000000,0x00000000c1b1a9c8,0x00000000cea00000)
 Metaspace       used 85977K, capacity 87380K, committed 87704K, reserved 1126400K
  class space    used 11323K, capacity 11606K, committed 11688K, reserved 1048576K
}

